            --------------------------------------------------------
                             AMBER SQM VERSION 19
 
                                     By
              Ross C. Walker, Michael F. Crowley, Scott Brozell,
                         Tim Giese, Andreas W. Goetz,
                        Tai-Sung Lee and David A. Case
 
            --------------------------------------------------------
 

--------------------------------------------------------------------------------
  QM CALCULATION INFO
--------------------------------------------------------------------------------

| QMMM: Citation for AMBER QMMM Run:
| QMMM: R.C. Walker, M.F. Crowley and D.A. Case, J. COMP. CHEM. 29:1019, 2008

QMMM: SINGLET STATE CALCULATION
QMMM: RHF CALCULATION, NO. OF DOUBLY OCCUPIED LEVELS = 26

| QMMM: *** Selected Hamiltonian *** 
| QMMM: AM1         

| QMMM: *** Parameter sets in use ***
| QMMM: C : M.J.S.DEWAR et al. JACS, 107, 3902, (1985)
| QMMM: H : M.J.S.DEWAR et al. JACS, 107, 3902, (1985)
| QMMM: N : M.J.S.DEWAR et al. JACS, 107, 3902, (1985)
| QMMM: O : M.J.S.DEWAR et al. JACS, 107, 3902, (1985)

| QMMM: *** SCF convergence criteria ***
| QMMM: Energy change                :  0.1D-09 kcal/mol
| QMMM: Error matrix |FP-PF|         :  0.1D+00 au
| QMMM: Density matrix change        :  0.5D-06
| QMMM: Maximum number of SCF cycles :     1000

| QMMM: *** Diagonalization Routine Information ***
| QMMM: Pseudo diagonalizations are allowed.
| QMMM: Auto diagonalization routine selection is in use.
| QMMM:
| QMMM: Timing diagonalization routines:
| QMMM:                              norbs =       49
| QMMM:    diag iterations used for timing =       20
| QMMM:
| QMMM:              Internal diag routine = 0.018301 seconds
| QMMM:                 Dspev diag routine = 0.009919 seconds
| QMMM:                Dspevd diag routine = 0.008020 seconds
| QMMM:                Dspevx diag routine = 0.037209 seconds
| QMMM:                 Dsyev diag routine = 0.012855 seconds
| QMMM:                Dsyevd diag routine = 0.007893 seconds
| QMMM:                Dsyevr diag routine = 0.011265 seconds
| QMMM:
| QMMM:                Pseudo diag routine = 0.002438 seconds
| QMMM:
| QMMM: Using dsyevd routine (diag_routine=6).

  QMMM: QM Region Cartesian Coordinates (*=link atom) 
  QMMM: QM_NO.   MM_NO.  ATOM         X         Y         Z
  QMMM:     1        1      C       -1.4950    1.0100    0.5010
  QMMM:     2        2      C       -2.8110    1.0810   -0.2780
  QMMM:     3        3      H       -2.6420    1.4070   -1.3110
  QMMM:     4        4      H       -3.5000    1.7970    0.1840
  QMMM:     5        5      H       -3.3080    0.1050   -0.3050
  QMMM:     6        6      C       -0.8350    2.3290    0.4750
  QMMM:     7        7      N       -0.3170    3.3650    0.4840
  QMMM:     8        8      C       -0.6200   -0.1540   -0.0140
  QMMM:     9        9      H       -1.7460    0.7890    1.5480
  QMMM:    10       10      C        0.8890    0.0980   -0.1100
  QMMM:    11       11      H       -0.9680   -0.4770   -1.0050
  QMMM:    12       12      H       -0.8010   -1.0130    0.6460
  QMMM:    13       13      C        1.6710   -1.2160   -0.1730
  QMMM:    14       14      O        2.9940   -1.0600   -0.6790
  QMMM:    15       15      H        1.2470    0.6720    0.7530
  QMMM:    16       16      H        1.1050    0.6990   -1.0020
  QMMM:    17       17      H        1.1660   -1.9230   -0.8400
  QMMM:    18       18      H        1.7140   -1.6850    0.8180
  QMMM:    19       19      C        3.8190   -0.2040    0.0980
  QMMM:    20       20      H        4.8630   -0.4430   -0.1240
  QMMM:    21       21      H        3.6500   -0.3410    1.1700
  QMMM:    22       22      H        3.6400    0.8380   -0.1840

--------------------------------------------------------------------------------
  RESULTS
--------------------------------------------------------------------------------

      iter         sqm energy              rms gradient
      ----    -------------------    -----------------------
xmin    10      -44.1270 kcal/mol        0.8938 kcal/(mol*A)
xmin    20      -44.6415 kcal/mol        1.4591 kcal/(mol*A)
xmin    30      -44.8992 kcal/mol        0.1760 kcal/(mol*A)
xmin    40      -45.2766 kcal/mol        0.3754 kcal/(mol*A)
xmin    50      -45.5177 kcal/mol        0.2252 kcal/(mol*A)
xmin    60      -45.6688 kcal/mol        0.1927 kcal/(mol*A)
xmin    70      -45.7796 kcal/mol        0.3310 kcal/(mol*A)
xmin    80      -45.8358 kcal/mol        0.1459 kcal/(mol*A)
xmin    90      -45.8858 kcal/mol        0.1089 kcal/(mol*A)
xmin   100      -45.9291 kcal/mol        0.7143 kcal/(mol*A)
xmin   110      -45.9600 kcal/mol        0.0708 kcal/(mol*A)
xmin   120      -45.9860 kcal/mol        0.1482 kcal/(mol*A)
xmin   130      -46.0022 kcal/mol        0.1774 kcal/(mol*A)
xmin   140      -46.0128 kcal/mol        0.2791 kcal/(mol*A)
xmin   150      -46.0273 kcal/mol        0.1218 kcal/(mol*A)
xmin   160      -46.0360 kcal/mol        0.1467 kcal/(mol*A)
xmin   170      -46.0420 kcal/mol        0.1053 kcal/(mol*A)
xmin   180      -46.0473 kcal/mol        0.1727 kcal/(mol*A)
xmin   190      -46.0511 kcal/mol        0.0461 kcal/(mol*A)
xmin   200      -46.0530 kcal/mol        0.1437 kcal/(mol*A)
xmin   210      -46.0552 kcal/mol        0.0630 kcal/(mol*A)
xmin   220      -46.0564 kcal/mol        0.0175 kcal/(mol*A)
xmin   230      -46.0586 kcal/mol        0.0375 kcal/(mol*A)
xmin   240      -46.0595 kcal/mol        0.0653 kcal/(mol*A)
xmin   250      -46.0602 kcal/mol        0.0455 kcal/(mol*A)
xmin   260      -46.0606 kcal/mol        0.0526 kcal/(mol*A)
xmin   270      -46.0614 kcal/mol        0.0202 kcal/(mol*A)
xmin   280      -46.0623 kcal/mol        0.0318 kcal/(mol*A)
xmin   290      -46.0628 kcal/mol        0.0181 kcal/(mol*A)
xmin   300      -46.0630 kcal/mol        0.0130 kcal/(mol*A)
xmin   310      -46.0634 kcal/mol        0.0199 kcal/(mol*A)
xmin   320      -46.0635 kcal/mol        0.0135 kcal/(mol*A)
xmin   330      -46.0637 kcal/mol        0.0049 kcal/(mol*A)
xmin   340      -46.0638 kcal/mol        0.0091 kcal/(mol*A)
xmin   350      -46.0640 kcal/mol        0.0209 kcal/(mol*A)
xmin   360      -46.0641 kcal/mol        0.0241 kcal/(mol*A)
xmin   370      -46.0642 kcal/mol        0.0223 kcal/(mol*A)
xmin   380      -46.0643 kcal/mol        0.0083 kcal/(mol*A)
xmin   390      -46.0644 kcal/mol        0.0092 kcal/(mol*A)
xmin   400      -46.0644 kcal/mol        0.0025 kcal/(mol*A)
xmin   410      -46.0644 kcal/mol        0.0046 kcal/(mol*A)
xmin   420      -46.0645 kcal/mol        0.0067 kcal/(mol*A)
xmin   430      -46.0645 kcal/mol        0.0019 kcal/(mol*A)
xmin   440      -46.0645 kcal/mol        0.0052 kcal/(mol*A)
xmin   450      -46.0645 kcal/mol        0.0144 kcal/(mol*A)
xmin   460      -46.0645 kcal/mol        0.0019 kcal/(mol*A)
xmin   470      -46.0645 kcal/mol        0.0034 kcal/(mol*A)
xmin   480      -46.0645 kcal/mol        0.0025 kcal/(mol*A)
xmin   490      -46.0645 kcal/mol        0.0018 kcal/(mol*A)
xmin   500      -46.0645 kcal/mol        0.0012 kcal/(mol*A)
xmin   510      -46.0645 kcal/mol        0.0007 kcal/(mol*A)
xmin   520      -46.0645 kcal/mol        0.0009 kcal/(mol*A)
  ... geometry converged !
 
 Final MO eigenvalues (eV):
 -39.4133  -38.1997  -35.4422  -32.5888  -28.2593  -26.4767  -24.2815  -22.4342
 -18.6874  -17.5125  -16.7784  -16.4079  -15.8139  -15.0581  -14.9516  -14.3103
 -13.5660  -13.2800  -13.1222  -12.9598  -12.6547  -12.4892  -12.1091  -11.9735
 -11.5671  -10.6644    1.7103    1.7262    2.8208    2.9526    3.2822    3.5051
   3.6419    3.7174    3.9669    4.0116    4.1100    4.1330    4.2003    4.2943
   4.3512    4.4238    4.4895    4.4916    4.6267    4.7337    4.8484    6.2041
   6.6518

 Heat of formation   =        -46.06453599 kcal/mol  (       -1.99750817 eV)

 Total SCF energy    =     -36968.97574568 kcal/mol  (    -1603.09508459 eV)
 Electronic energy   =    -170898.34291955 kcal/mol  (    -7410.70824854 eV)
 Core-core repulsion =     133929.36717387 kcal/mol  (     5807.61316395 eV)
 
    Atomic Charges for Step       1 :
  Atom    Element       Mulliken Charge
     1      C                 -0.016
     2      C                 -0.211
     3      H                  0.087
     4      H                  0.088
     5      H                  0.084
     6      C                 -0.140
     7      N                 -0.049
     8      C                 -0.151
     9      H                  0.116
    10      C                 -0.199
    11      H                  0.095
    12      H                  0.089
    13      C                 -0.022
    14      O                 -0.272
    15      H                  0.083
    16      H                  0.106
    17      H                  0.106
    18      H                  0.067
    19      C                 -0.077
    20      H                  0.100
    21      H                  0.058
    22      H                  0.059
 Total Mulliken Charge =       0.000
 
                  X        Y        Z     TOTAL  
  QM DIPOLE    -1.279   -2.599    2.658    3.931
 
 Final Structure

  QMMM: QM Region Cartesian Coordinates (*=link atom) 
  QMMM: QM_NO.   MM_NO.  ATOM         X         Y         Z
  QMMM:     1        1      C       -1.3498    1.2538    0.2124
  QMMM:     2        2      C       -2.8319    0.9221    0.1900
  QMMM:     3        3      H       -3.1597    0.6513   -0.8422
  QMMM:     4        4      H       -3.4330    1.7960    0.5378
  QMMM:     5        5      H       -3.0331    0.0570    0.8666
  QMMM:     6        6      C       -1.0863    2.4392   -0.5858
  QMMM:     7        7      N       -0.8802    3.3926   -1.2184
  QMMM:     8        8      C       -0.5300    0.0663   -0.2830
  QMMM:     9        9      H       -1.0447    1.4849    1.2766
  QMMM:    10       10      C        0.9517    0.2719   -0.0641
  QMMM:    11       11      H       -0.7351   -0.1023   -1.3727
  QMMM:    12       12      H       -0.8687   -0.8507    0.2685
  QMMM:    13       13      C        1.7346   -0.9366   -0.5478
  QMMM:    14       14      O        3.1350   -0.6972   -0.5496
  QMMM:    15       15      H        1.1569    0.4434    1.0250
  QMMM:    16       16      H        1.3011    1.1840   -0.6161
  QMMM:    17       17      H        1.5033   -1.1525   -1.6266
  QMMM:    18       18      H        1.4928   -1.8384    0.0750
  QMMM:    19       19      C        3.7204   -0.6830    0.7404
  QMMM:    20       20      H        4.8162   -0.5664    0.5465
  QMMM:    21       21      H        3.5178   -1.6411    1.2799
  QMMM:    22       22      H        3.3376    0.1794    1.3395

           --------- Calculation Completed ----------

